#
# There is insufficient memory for the Java Runtime Environment to continue.
# Native memory allocation (malloc) failed to allocate 1261616 bytes. Error detail: Chunk::new
# Possible reasons:
#   The system is out of physical RAM or swap space
#   This process is running with CompressedOops enabled, and the Java Heap may be blocking the growth of the native heap
# Possible solutions:
#   Reduce memory load on the system
#   Increase physical memory or swap space
#   Check if swap backing store is full
#   Decrease Java heap size (-Xmx/-Xms)
#   Decrease number of Java threads
#   Decrease Java thread stack sizes (-Xss)
#   Set larger code cache with -XX:ReservedCodeCacheSize=
#   JVM is running with Unscaled Compressed Oops mode in which the Java heap is
#     placed in the first 4GB address space. The Java Heap base address is the
#     maximum limit for the native heap growth. Please use -XX:HeapBaseMinAddress
#     to set the Java Heap base and to place the Java Heap above 4GB virtual address.
# This output file may be truncated or incomplete.
#
#  Out of Memory Error (arena.cpp:191), pid=57544, tid=64296
#
# JRE version: OpenJDK Runtime Environment Temurin-17.0.11+9 (17.0.11+9) (build 17.0.11+9)
# Java VM: OpenJDK 64-Bit Server VM Temurin-17.0.11+9 (17.0.11+9, mixed mode, tiered, compressed oops, compressed class ptrs, g1 gc, windows-amd64)
# No core dump will be written. Minidumps are not enabled by default on client versions of Windows
#

---------------  S U M M A R Y ------------

Command Line: -Dfile.encoding=UTF-8 -Dstdout.encoding=UTF-8 -Dstderr.encoding=UTF-8 -XX:+ShowCodeDetailsInExceptionMessages cucumber.api.cli.Main C:/Users/anusr/eclipse-workspace/Telus/src/test/resources/Testing/Login .feature --glue classpath: --plugin pretty --monochrome

Host: 11th Gen Intel(R) Core(TM) i5-1135G7 @ 2.40GHz, 8 cores, 7G,  Windows 11 , 64 bit Build 22621 (10.0.22621.3527)
Time: Sat Jun  8 18:00:51 2024 Newfoundland Daylight Time elapsed time: 24.948911 seconds (0d 0h 0m 24s)

---------------  T H R E A D  ---------------

Current thread (0x0000021fe74fb9a0):  JavaThread "C2 CompilerThread0" daemon [_thread_in_native, id=64296, stack(0x000000b8c0800000,0x000000b8c0900000)]


Current CompileTask:
C2:  24949 3262       4       java.net.URLStreamHandler::parseURL (1201 bytes)

Stack: [0x000000b8c0800000,0x000000b8c0900000]
Native frames: (J=compiled Java code, j=interpreted, Vv=VM code, C=native code)
V  [jvm.dll+0x67d429]
V  [jvm.dll+0x834b7a]
V  [jvm.dll+0x83663e]
V  [jvm.dll+0x836ca3]
V  [jvm.dll+0x247dbf]
V  [jvm.dll+0xac534]
V  [jvm.dll+0xacb7c]
V  [jvm.dll+0x3665f2]
V  [jvm.dll+0x330bba]
V  [jvm.dll+0x33005a]
V  [jvm.dll+0x21a471]
V  [jvm.dll+0x2198b1]
V  [jvm.dll+0x1a534d]
V  [jvm.dll+0x2295cd]
V  [jvm.dll+0x22779c]
V  [jvm.dll+0x7e9d07]
V  [jvm.dll+0x7e410a]
V  [jvm.dll+0x67c315]
C  [ucrtbase.dll+0x29333]
C  [KERNEL32.DLL+0x1257d]
C  [ntdll.dll+0x5aa48]


---------------  P R O C E S S  ---------------

Threads class SMR info:
_java_thread_list=0x0000021fec816730, length=38, elements={
0x0000021fcd5caf90, 0x0000021fe74cc020, 0x0000021fe74ccbe0, 0x0000021fe74deb00,
0x0000021fe74ea2c0, 0x0000021fe74ee5c0, 0x0000021fe74eef80, 0x0000021fe74fb9a0,
0x0000021fe74fe460, 0x0000021fe7509070, 0x0000021fe767f8f0, 0x0000021fe767d4f0,
0x0000021fed0ee6b0, 0x0000021fece024e0, 0x0000021fece03190, 0x0000021fece69d20,
0x0000021fece6a410, 0x0000021fecdee4a0, 0x0000021fecde16d0, 0x0000021fecde3a40,
0x0000021fecde2600, 0x0000021fecde2b10, 0x0000021fecde3530, 0x0000021fecde3020,
0x0000021fecde0290, 0x0000021fecde07a0, 0x0000021fecde0cb0, 0x0000021fecde1be0,
0x0000021fecff8e50, 0x0000021fecffa7a0, 0x0000021fecffcb10, 0x0000021fecff8430,
0x0000021fecff9d80, 0x0000021fecff6ae0, 0x0000021fecff7500, 0x0000021fecffe460,
0x0000021fecffacb0, 0x0000021fecff7a10
}

Java Threads: ( => current thread )
  0x0000021fcd5caf90 JavaThread "Forwarding newSession on session null to remote" [_thread_in_native, id=15680, stack(0x000000b8bfb00000,0x000000b8bfc00000)]
  0x0000021fe74cc020 JavaThread "Reference Handler" daemon [_thread_blocked, id=67060, stack(0x000000b8c0200000,0x000000b8c0300000)]
  0x0000021fe74ccbe0 JavaThread "Finalizer" daemon [_thread_blocked, id=18616, stack(0x000000b8c0300000,0x000000b8c0400000)]
  0x0000021fe74deb00 JavaThread "Signal Dispatcher" daemon [_thread_blocked, id=1832, stack(0x000000b8c0400000,0x000000b8c0500000)]
  0x0000021fe74ea2c0 JavaThread "Attach Listener" daemon [_thread_blocked, id=55572, stack(0x000000b8c0500000,0x000000b8c0600000)]
  0x0000021fe74ee5c0 JavaThread "Service Thread" daemon [_thread_blocked, id=66636, stack(0x000000b8c0600000,0x000000b8c0700000)]
  0x0000021fe74eef80 JavaThread "Monitor Deflation Thread" daemon [_thread_blocked, id=24356, stack(0x000000b8c0700000,0x000000b8c0800000)]
=>0x0000021fe74fb9a0 JavaThread "C2 CompilerThread0" daemon [_thread_in_native, id=64296, stack(0x000000b8c0800000,0x000000b8c0900000)]
  0x0000021fe74fe460 JavaThread "C1 CompilerThread0" daemon [_thread_blocked, id=67436, stack(0x000000b8c0900000,0x000000b8c0a00000)]
  0x0000021fe7509070 JavaThread "Sweeper thread" daemon [_thread_blocked, id=4600, stack(0x000000b8c0a00000,0x000000b8c0b00000)]
  0x0000021fe767f8f0 JavaThread "Notification Thread" daemon [_thread_blocked, id=33344, stack(0x000000b8c0b00000,0x000000b8c0c00000)]
  0x0000021fe767d4f0 JavaThread "Common-Cleaner" daemon [_thread_blocked, id=66324, stack(0x000000b8c0d00000,0x000000b8c0e00000)]
  0x0000021fed0ee6b0 JavaThread "ForkJoinPool.commonPool-worker-1" daemon [_thread_blocked, id=15284, stack(0x000000b8c1500000,0x000000b8c1600000)]
  0x0000021fece024e0 JavaThread "HttpClient-1-SelectorManager" daemon [_thread_in_native, id=41664, stack(0x000000b8c1700000,0x000000b8c1800000)]
  0x0000021fece03190 JavaThread "External Process Output Forwarder - C:\Users\anusr\.cache\selenium\chromedriver\win64\125.0.6422.141\chromedriver.exe" daemon [_thread_in_native, id=68192, stack(0x000000b8c1800000,0x000000b8c1900000)]
  0x0000021fece69d20 JavaThread "Driver Service Executor" daemon [_thread_blocked, id=68188, stack(0x000000b8c1900000,0x000000b8c1a00000)]
  0x0000021fece6a410 JavaThread "Driver Service Executor" daemon [_thread_blocked, id=68196, stack(0x000000b8c1a00000,0x000000b8c1b00000)]
  0x0000021fecdee4a0 JavaThread "UrlChecker-2" daemon [_thread_blocked, id=68180, stack(0x000000b8c1b00000,0x000000b8c1c00000)]
  0x0000021fecde16d0 JavaThread "JdkHttpClient-0-0" daemon [_thread_blocked, id=65056, stack(0x000000b8c1e00000,0x000000b8c1f00000)]
  0x0000021fecde3a40 JavaThread "JdkHttpClient-0-1" daemon [_thread_blocked, id=65652, stack(0x000000b8c1f00000,0x000000b8c2000000)]
  0x0000021fecde2600 JavaThread "JdkHttpClient-0-2" daemon [_thread_blocked, id=11000, stack(0x000000b8c2000000,0x000000b8c2100000)]
  0x0000021fecde2b10 JavaThread "HttpClient-2-SelectorManager" daemon [_thread_in_native, id=54308, stack(0x000000b8c2100000,0x000000b8c2200000)]
  0x0000021fecde3530 JavaThread "JdkHttpClient-1-0" daemon [_thread_blocked, id=1640, stack(0x000000b8c2200000,0x000000b8c2300000)]
  0x0000021fecde3020 JavaThread "JdkHttpClient-1-1" daemon [_thread_blocked, id=63456, stack(0x000000b8c2300000,0x000000b8c2400000)]
  0x0000021fecde0290 JavaThread "HttpClient-3-SelectorManager" daemon [_thread_in_native, id=68428, stack(0x000000b8c1d00000,0x000000b8c1e00000)]
  0x0000021fecde07a0 JavaThread "External Process Output Forwarder - C:\Users\anusr\.cache\selenium\chromedriver\win64\125.0.6422.141\chromedriver.exe" daemon [_thread_in_native, id=65824, stack(0x000000b8c2400000,0x000000b8c2500000)]
  0x0000021fecde0cb0 JavaThread "Driver Service Executor" daemon [_thread_blocked, id=52768, stack(0x000000b8c2500000,0x000000b8c2600000)]
  0x0000021fecde1be0 JavaThread "Driver Service Executor" daemon [_thread_in_native, id=67192, stack(0x000000b8c2600000,0x000000b8c2700000)]
  0x0000021fecff8e50 JavaThread "JdkHttpClient-2-0" daemon [_thread_blocked, id=50612, stack(0x000000b8c2800000,0x000000b8c2900000)]
  0x0000021fecffa7a0 JavaThread "JdkHttpClient-2-1" daemon [_thread_blocked, id=55688, stack(0x000000b8c2900000,0x000000b8c2a00000)]
  0x0000021fecffcb10 JavaThread "HttpClient-4-SelectorManager" daemon [_thread_in_native, id=66412, stack(0x000000b8c2a00000,0x000000b8c2b00000)]
  0x0000021fecff8430 JavaThread "JdkHttpClient-3-0" daemon [_thread_blocked, id=54324, stack(0x000000b8c2b00000,0x000000b8c2c00000)]
  0x0000021fecff9d80 JavaThread "JdkHttpClient-3-1" daemon [_thread_blocked, id=57444, stack(0x000000b8c2c00000,0x000000b8c2d00000)]
  0x0000021fecff6ae0 JavaThread "JdkHttpClient-3-2" daemon [_thread_blocked, id=63812, stack(0x000000b8c2d00000,0x000000b8c2e00000)]
  0x0000021fecff7500 JavaThread "JdkHttpClient-2-2" daemon [_thread_blocked, id=37876, stack(0x000000b8c2e00000,0x000000b8c2f00000)]
  0x0000021fecffe460 JavaThread "HttpClient-5-SelectorManager" daemon [_thread_in_native, id=44704, stack(0x000000b8c2700000,0x000000b8c2800000)]
  0x0000021fecffacb0 JavaThread "Driver Service Executor" daemon [_thread_blocked, id=56492, stack(0x000000b8c3000000,0x000000b8c3100000)]
  0x0000021fecff7a10 JavaThread "Driver Service Executor" daemon [_thread_blocked, id=57736, stack(0x000000b8c3100000,0x000000b8c3200000)]

Other Threads:
  0x0000021fe7492620 VMThread "VM Thread" [stack: 0x000000b8c0100000,0x000000b8c0200000] [id=67112]
  0x0000021fe75d7030 WatcherThread [stack: 0x000000b8c0c00000,0x000000b8c0d00000] [id=22860]
  0x0000021fcd626120 GCTaskThread "GC Thread#0" [stack: 0x000000b8bfc00000,0x000000b8bfd00000] [id=25880]
  0x0000021fec66f2f0 GCTaskThread "GC Thread#1" [stack: 0x000000b8c0e00000,0x000000b8c0f00000] [id=57608]
  0x0000021fec8dd450 GCTaskThread "GC Thread#2" [stack: 0x000000b8c0f00000,0x000000b8c1000000] [id=67116]
  0x0000021fec9358d0 GCTaskThread "GC Thread#3" [stack: 0x000000b8c1000000,0x000000b8c1100000] [id=61416]
  0x0000021fec935b90 GCTaskThread "GC Thread#4" [stack: 0x000000b8c1100000,0x000000b8c1200000] [id=7040]
  0x0000021fec937e60 GCTaskThread "GC Thread#5" [stack: 0x000000b8c1200000,0x000000b8c1300000] [id=67040]
  0x0000021fec938120 GCTaskThread "GC Thread#6" [stack: 0x000000b8c1300000,0x000000b8c1400000] [id=44596]
  0x0000021fec938c00 GCTaskThread "GC Thread#7" [stack: 0x000000b8c1400000,0x000000b8c1500000] [id=60044]
  0x0000021fcd637240 ConcurrentGCThread "G1 Main Marker" [stack: 0x000000b8bfd00000,0x000000b8bfe00000] [id=55652]
  0x0000021fcd637c60 ConcurrentGCThread "G1 Conc#0" [stack: 0x000000b8bfe00000,0x000000b8bff00000] [id=23556]
  0x0000021fed2fbd00 ConcurrentGCThread "G1 Conc#1" [stack: 0x000000b8c1600000,0x000000b8c1700000] [id=56768]
  0x0000021fe72f2520 ConcurrentGCThread "G1 Refine#0" [stack: 0x000000b8bff00000,0x000000b8c0000000] [id=56748]
  0x0000021fe72f2f50 ConcurrentGCThread "G1 Service" [stack: 0x000000b8c0000000,0x000000b8c0100000] [id=59640]

Threads with active compile tasks:
C2 CompilerThread0    24990 3262       4       java.net.URLStreamHandler::parseURL (1201 bytes)
C1 CompilerThread0    24990 3293       3       java.lang.invoke.BoundMethodHandle$Species_LL::<init> (18 bytes)

VM state: not at safepoint (normal execution)

VM Mutex/Monitor currently owned by a thread: None

Heap address: 0x0000000083200000, size: 1998 MB, Compressed Oops mode: 32-bit

CDS archive(s) not mapped
Compressed class space mapped at: 0x0000000100000000-0x0000000140000000, reserved size: 1073741824
Narrow klass base: 0x0000000000000000, Narrow klass shift: 3, Narrow klass range: 0x140000000

GC Precious Log:
 CPUs: 8 total, 8 available
 Memory: 7991M
 Large Page Support: Disabled
 NUMA Support: Disabled
 Compressed Oops: Enabled (32-bit)
 Heap Region Size: 1M
 Heap Min Capacity: 8M
 Heap Initial Capacity: 126M
 Heap Max Capacity: 1998M
 Pre-touch: Disabled
 Parallel Workers: 8
 Concurrent Workers: 2
 Concurrent Refinement Workers: 8
 Periodic GC: Disabled

Heap:
 garbage-first heap   total 75776K, used 23455K [0x0000000083200000, 0x0000000100000000)
  region size 1024K, 3 young (3072K), 2 survivors (2048K)
 Metaspace       used 27022K, committed 27392K, reserved 1114112K
  class space    used 3016K, committed 3200K, reserved 1048576K

Heap Regions: E=young(eden), S=young(survivor), O=old, HS=humongous(starts), HC=humongous(continues), CS=collection set, F=free, OA=open archive, CA=closed archive, TAMS=top-at-mark-start (previous, next)
|   0|0x0000000083200000, 0x0000000083300000, 0x0000000083300000|100%|HS|  |TAMS 0x0000000083300000, 0x0000000083200000| Complete 
|   1|0x0000000083300000, 0x0000000083400000, 0x0000000083400000|100%| O|  |TAMS 0x0000000083300000, 0x0000000083300000| Untracked 
|   2|0x0000000083400000, 0x0000000083500000, 0x0000000083500000|100%|HS|  |TAMS 0x0000000083500000, 0x0000000083400000| Complete 
|   3|0x0000000083500000, 0x0000000083600000, 0x0000000083600000|100%| O|  |TAMS 0x0000000083500000, 0x0000000083500000| Untracked 
|   4|0x0000000083600000, 0x0000000083700000, 0x0000000083700000|100%| O|  |TAMS 0x0000000083700000, 0x0000000083600000| Untracked 
|   5|0x0000000083700000, 0x0000000083800000, 0x0000000083800000|100%| O|  |TAMS 0x0000000083800000, 0x0000000083700000| Untracked 
|   6|0x0000000083800000, 0x0000000083900000, 0x0000000083900000|100%| O|  |TAMS 0x0000000083900000, 0x0000000083800000| Untracked 
|   7|0x0000000083900000, 0x0000000083a00000, 0x0000000083a00000|100%| O|  |TAMS 0x0000000083a00000, 0x0000000083900000| Untracked 
|   8|0x0000000083a00000, 0x0000000083b00000, 0x0000000083b00000|100%| O|  |TAMS 0x0000000083b00000, 0x0000000083a00000| Untracked 
|   9|0x0000000083b00000, 0x0000000083c00000, 0x0000000083c00000|100%| O|  |TAMS 0x0000000083b00000, 0x0000000083b00000| Untracked 
|  10|0x0000000083c00000, 0x0000000083d00000, 0x0000000083d00000|100%| O|  |TAMS 0x0000000083c00000, 0x0000000083c00000| Untracked 
|  11|0x0000000083d00000, 0x0000000083e00000, 0x0000000083e00000|100%| O|  |TAMS 0x0000000083e00000, 0x0000000083d00000| Untracked 
|  12|0x0000000083e00000, 0x0000000083f00000, 0x0000000083f00000|100%| O|  |TAMS 0x0000000083f00000, 0x0000000083e00000| Untracked 
|  13|0x0000000083f00000, 0x0000000084000000, 0x0000000084000000|100%| O|  |TAMS 0x0000000084000000, 0x0000000083f00000| Untracked 
|  14|0x0000000084000000, 0x0000000084100000, 0x0000000084100000|100%| O|  |TAMS 0x0000000084053c00, 0x0000000084000000| Untracked 
|  15|0x0000000084100000, 0x0000000084200000, 0x0000000084200000|100%| O|  |TAMS 0x0000000084100000, 0x0000000084100000| Untracked 
|  16|0x0000000084200000, 0x0000000084300000, 0x0000000084300000|100%| O|  |TAMS 0x0000000084200000, 0x0000000084200000| Untracked 
|  17|0x0000000084300000, 0x000000008437d400, 0x0000000084400000| 48%| O|  |TAMS 0x0000000084300000, 0x0000000084300000| Untracked 
|  18|0x0000000084400000, 0x0000000084500000, 0x0000000084500000|100%| O|  |TAMS 0x0000000084400000, 0x0000000084400000| Untracked 
|  19|0x0000000084500000, 0x0000000084600000, 0x0000000084600000|100%| O|  |TAMS 0x0000000084500000, 0x0000000084500000| Untracked 
|  20|0x0000000084600000, 0x0000000084700000, 0x0000000084700000|100%| O|  |TAMS 0x0000000084600000, 0x0000000084600000| Untracked 
|  21|0x0000000084700000, 0x000000008476aa00, 0x0000000084800000| 41%| O|  |TAMS 0x0000000084700000, 0x0000000084700000| Untracked 
|  22|0x0000000084800000, 0x0000000084800000, 0x0000000084900000|  0%| F|  |TAMS 0x0000000084800000, 0x0000000084800000| Untracked 
|  23|0x0000000084900000, 0x0000000084900000, 0x0000000084a00000|  0%| F|  |TAMS 0x0000000084900000, 0x0000000084900000| Untracked 
|  24|0x0000000084a00000, 0x0000000084a00000, 0x0000000084b00000|  0%| F|  |TAMS 0x0000000084a00000, 0x0000000084a00000| Untracked 
|  25|0x0000000084b00000, 0x0000000084b00000, 0x0000000084c00000|  0%| F|  |TAMS 0x0000000084b00000, 0x0000000084b00000| Untracked 
|  26|0x0000000084c00000, 0x0000000084c00000, 0x0000000084d00000|  0%| F|  |TAMS 0x0000000084c00000, 0x0000000084c00000| Untracked 
|  27|0x0000000084d00000, 0x0000000084d00000, 0x0000000084e00000|  0%| F|  |TAMS 0x0000000084d00000, 0x0000000084d00000| Untracked 
|  28|0x0000000084e00000, 0x0000000084e00000, 0x0000000084f00000|  0%| F|  |TAMS 0x0000000084e00000, 0x0000000084e00000| Untracked 
|  29|0x0000000084f00000, 0x0000000084f00000, 0x0000000085000000|  0%| F|  |TAMS 0x0000000084f00000, 0x0000000084f00000| Untracked 
|  30|0x0000000085000000, 0x0000000085000000, 0x0000000085100000|  0%| F|  |TAMS 0x0000000085000000, 0x0000000085000000| Untracked 
|  31|0x0000000085100000, 0x0000000085100000, 0x0000000085200000|  0%| F|  |TAMS 0x0000000085100000, 0x0000000085100000| Untracked 
|  32|0x0000000085200000, 0x0000000085200000, 0x0000000085300000|  0%| F|  |TAMS 0x0000000085200000, 0x0000000085200000| Untracked 
|  33|0x0000000085300000, 0x0000000085300000, 0x0000000085400000|  0%| F|  |TAMS 0x0000000085300000, 0x0000000085300000| Untracked 
|  34|0x0000000085400000, 0x0000000085500000, 0x0000000085500000|100%| S|CS|TAMS 0x0000000085400000, 0x0000000085400000| Complete 
|  35|0x0000000085500000, 0x0000000085600000, 0x0000000085600000|100%| S|CS|TAMS 0x0000000085500000, 0x0000000085500000| Complete 
|  36|0x0000000085600000, 0x0000000085600000, 0x0000000085700000|  0%| F|  |TAMS 0x0000000085600000, 0x0000000085600000| Untracked 
|  37|0x0000000085700000, 0x0000000085700000, 0x0000000085800000|  0%| F|  |TAMS 0x0000000085700000, 0x0000000085700000| Untracked 
|  38|0x0000000085800000, 0x0000000085800000, 0x0000000085900000|  0%| F|  |TAMS 0x0000000085800000, 0x0000000085800000| Untracked 
|  39|0x0000000085900000, 0x0000000085900000, 0x0000000085a00000|  0%| F|  |TAMS 0x0000000085900000, 0x0000000085900000| Untracked 
|  40|0x0000000085a00000, 0x0000000085a00000, 0x0000000085b00000|  0%| F|  |TAMS 0x0000000085a00000, 0x0000000085a00000| Untracked 
|  41|0x0000000085b00000, 0x0000000085b00000, 0x0000000085c00000|  0%| F|  |TAMS 0x0000000085b00000, 0x0000000085b00000| Untracked 
|  42|0x0000000085c00000, 0x0000000085c00000, 0x0000000085d00000|  0%| F|  |TAMS 0x0000000085c00000, 0x0000000085c00000| Untracked 
|  43|0x0000000085d00000, 0x0000000085d00000, 0x0000000085e00000|  0%| F|  |TAMS 0x0000000085d00000, 0x0000000085d00000| Untracked 
|  44|0x0000000085e00000, 0x0000000085e00000, 0x0000000085f00000|  0%| F|  |TAMS 0x0000000085e00000, 0x0000000085e00000| Untracked 
|  45|0x0000000085f00000, 0x0000000085f00000, 0x0000000086000000|  0%| F|  |TAMS 0x0000000085f00000, 0x0000000085f00000| Untracked 
|  46|0x0000000086000000, 0x0000000086000000, 0x0000000086100000|  0%| F|  |TAMS 0x0000000086000000, 0x0000000086000000| Untracked 
|  47|0x0000000086100000, 0x0000000086100000, 0x0000000086200000|  0%| F|  |TAMS 0x0000000086100000, 0x0000000086100000| Untracked 
|  48|0x0000000086200000, 0x0000000086200000, 0x0000000086300000|  0%| F|  |TAMS 0x0000000086200000, 0x0000000086200000| Untracked 
|  49|0x0000000086300000, 0x0000000086300000, 0x0000000086400000|  0%| F|  |TAMS 0x0000000086300000, 0x0000000086300000| Untracked 
|  50|0x0000000086400000, 0x0000000086400000, 0x0000000086500000|  0%| F|  |TAMS 0x0000000086400000, 0x0000000086400000| Untracked 
|  51|0x0000000086500000, 0x0000000086500000, 0x0000000086600000|  0%| F|  |TAMS 0x0000000086500000, 0x0000000086500000| Untracked 
|  52|0x0000000086600000, 0x0000000086600000, 0x0000000086700000|  0%| F|  |TAMS 0x0000000086600000, 0x0000000086600000| Untracked 
|  53|0x0000000086700000, 0x0000000086700000, 0x0000000086800000|  0%| F|  |TAMS 0x0000000086700000, 0x0000000086700000| Untracked 
|  54|0x0000000086800000, 0x0000000086800000, 0x0000000086900000|  0%| F|  |TAMS 0x0000000086800000, 0x0000000086800000| Untracked 
|  55|0x0000000086900000, 0x0000000086900000, 0x0000000086a00000|  0%| F|  |TAMS 0x0000000086900000, 0x0000000086900000| Untracked 
|  56|0x0000000086a00000, 0x0000000086a00000, 0x0000000086b00000|  0%| F|  |TAMS 0x0000000086a00000, 0x0000000086a00000| Untracked 
|  57|0x0000000086b00000, 0x0000000086b00000, 0x0000000086c00000|  0%| F|  |TAMS 0x0000000086b00000, 0x0000000086b00000| Untracked 
|  58|0x0000000086c00000, 0x0000000086c00000, 0x0000000086d00000|  0%| F|  |TAMS 0x0000000086c00000, 0x0000000086c00000| Untracked 
|  59|0x0000000086d00000, 0x0000000086d00000, 0x0000000086e00000|  0%| F|  |TAMS 0x0000000086d00000, 0x0000000086d00000| Untracked 
|  60|0x0000000086e00000, 0x0000000086e00000, 0x0000000086f00000|  0%| F|  |TAMS 0x0000000086e00000, 0x0000000086e00000| Untracked 
|  61|0x0000000086f00000, 0x0000000086f00000, 0x0000000087000000|  0%| F|  |TAMS 0x0000000086f00000, 0x0000000086f00000| Untracked 
|  62|0x0000000087000000, 0x0000000087000000, 0x0000000087100000|  0%| F|  |TAMS 0x0000000087000000, 0x0000000087000000| Untracked 
|  63|0x0000000087100000, 0x0000000087100000, 0x0000000087200000|  0%| F|  |TAMS 0x0000000087100000, 0x0000000087100000| Untracked 
|  64|0x0000000087200000, 0x0000000087200000, 0x0000000087300000|  0%| F|  |TAMS 0x0000000087200000, 0x0000000087200000| Untracked 
|  65|0x0000000087300000, 0x0000000087300000, 0x0000000087400000|  0%| F|  |TAMS 0x0000000087300000, 0x0000000087300000| Untracked 
|  66|0x0000000087400000, 0x0000000087400000, 0x0000000087500000|  0%| F|  |TAMS 0x0000000087400000, 0x0000000087400000| Untracked 
|  67|0x0000000087500000, 0x0000000087500000, 0x0000000087600000|  0%| F|  |TAMS 0x0000000087500000, 0x0000000087500000| Untracked 
|  89|0x0000000088b00000, 0x0000000088b00000, 0x0000000088c00000|  0%| F|  |TAMS 0x0000000088b00000, 0x0000000088b00000| Untracked 
|  90|0x0000000088c00000, 0x0000000088c00000, 0x0000000088d00000|  0%| F|  |TAMS 0x0000000088c00000, 0x0000000088c00000| Untracked 
|  91|0x0000000088d00000, 0x0000000088d00000, 0x0000000088e00000|  0%| F|  |TAMS 0x0000000088d00000, 0x0000000088d00000| Untracked 
|  92|0x0000000088e00000, 0x0000000088e00000, 0x0000000088f00000|  0%| F|  |TAMS 0x0000000088e00000, 0x0000000088e00000| Untracked 
|  93|0x0000000088f00000, 0x0000000088f00000, 0x0000000089000000|  0%| F|  |TAMS 0x0000000088f00000, 0x0000000088f00000| Untracked 
| 125|0x000000008af00000, 0x000000008afd28a0, 0x000000008b000000| 82%| E|  |TAMS 0x000000008af00000, 0x000000008af00000| Complete 

Card table byte_map: [0x0000021fe03c0000,0x0000021fe07b0000] _byte_map_base: 0x0000021fdffa7000

Marking Bits (Prev, Next): (CMBitMap*) 0x0000021fcd626780, (CMBitMap*) 0x0000021fcd626740
 Prev Bits: [0x0000021fe2ae0000, 0x0000021fe4a18000)
 Next Bits: [0x0000021fe0ba0000, 0x0000021fe2ad8000)

Polling page: 0x0000021fccd70000

Metaspace:

Usage:
  Non-class:     23.46 MB used.
      Class:      2.95 MB used.
       Both:     26.41 MB used.

Virtual space:
  Non-class space:       64.00 MB reserved,      23.62 MB ( 37%) committed,  1 nodes.
      Class space:        1.00 GB reserved,       3.12 MB ( <1%) committed,  1 nodes.
             Both:        1.06 GB reserved,      26.75 MB (  2%) committed. 

Chunk freelists:
   Non-Class:  8.28 MB
       Class:  12.73 MB
        Both:  21.01 MB

MaxMetaspaceSize: unlimited
CompressedClassSpaceSize: 1.00 GB
Initial GC threshold: 21.00 MB
Current GC threshold: 35.25 MB
CDS: off
MetaspaceReclaimPolicy: balanced
 - commit_granule_bytes: 65536.
 - commit_granule_words: 8192.
 - virtual_space_node_default_size: 8388608.
 - enlarge_chunks_in_place: 1.
 - new_chunks_are_fully_committed: 0.
 - uncommit_free_chunks: 1.
 - use_allocation_guard: 0.
 - handle_deallocations: 1.


Internal statistics:

num_allocs_failed_limit: 3.
num_arena_births: 276.
num_arena_deaths: 0.
num_vsnodes_births: 2.
num_vsnodes_deaths: 0.
num_space_committed: 428.
num_space_uncommitted: 0.
num_chunks_returned_to_freelist: 3.
num_chunks_taken_from_freelist: 773.
num_chunk_merges: 3.
num_chunk_splits: 458.
num_chunks_enlarged: 299.
num_inconsistent_stats: 0.

CodeHeap 'non-profiled nmethods': size=120000Kb used=1314Kb max_used=1314Kb free=118685Kb
 bounds [0x0000021fd8760000, 0x0000021fd89d0000, 0x0000021fdfc90000]
CodeHeap 'profiled nmethods': size=120000Kb used=6349Kb max_used=6349Kb free=113650Kb
 bounds [0x0000021fd0c90000, 0x0000021fd12d0000, 0x0000021fd81c0000]
CodeHeap 'non-nmethods': size=5760Kb used=1241Kb max_used=1268Kb free=4518Kb
 bounds [0x0000021fd81c0000, 0x0000021fd8430000, 0x0000021fd8760000]
 total_blobs=3825 nmethods=3292 adapters=445
 compilation: enabled
              stopped_count=0, restarted_count=0
 full_count=0

Compilation events (20 events):
Event: 24.865 Thread 0x0000021fe74fe460 3276   !   3       jdk.internal.ref.PhantomCleanable::isListEmpty (34 bytes)
Event: 24.865 Thread 0x0000021fe74fe460 nmethod 3276 0x0000021fd12bb710 code [0x0000021fd12bb8a0, 0x0000021fd12bbaf8]
Event: 24.865 Thread 0x0000021fe74fe460 3277       3       jdk.internal.misc.InnocuousThread::eraseThreadLocals (23 bytes)
Event: 24.865 Thread 0x0000021fe74fe460 nmethod 3277 0x0000021fd12bbc10 code [0x0000021fd12bbda0, 0x0000021fd12bbf98]
Event: 24.865 Thread 0x0000021fe74fe460 3278       3       java.lang.invoke.MethodHandleNatives$CallSiteContext::run (5 bytes)
Event: 24.865 Thread 0x0000021fe74fe460 nmethod 3278 0x0000021fd12bc010 code [0x0000021fd12bc1a0, 0x0000021fd12bc2c8]
Event: 24.866 Thread 0x0000021fe74fe460 3281       3       java.util.ImmutableCollections$MapN$MapNIterator::next (75 bytes)
Event: 24.866 Thread 0x0000021fe74fe460 nmethod 3281 0x0000021fd12bc390 code [0x0000021fd12bc5c0, 0x0000021fd12bcdf8]
Event: 24.866 Thread 0x0000021fe74fe460 3280       3       java.util.ImmutableCollections$MapN$MapNIterator::next (5 bytes)
Event: 24.866 Thread 0x0000021fe74fe460 nmethod 3280 0x0000021fd12bd190 code [0x0000021fd12bd340, 0x0000021fd12bd488]
Event: 24.866 Thread 0x0000021fe74fe460 3282       3       jdk.internal.net.http.common.Utils::getDebugLogger (20 bytes)
Event: 24.867 Thread 0x0000021fe74fe460 nmethod 3282 0x0000021fd12bd510 code [0x0000021fd12bd6c0, 0x0000021fd12bd8a8]
Event: 24.867 Thread 0x0000021fe74fe460 3283       3       jdk.internal.net.http.common.Utils::getDebugLogger (9 bytes)
Event: 24.867 Thread 0x0000021fe74fe460 nmethod 3283 0x0000021fd12bd990 code [0x0000021fd12bdb20, 0x0000021fd12bdc48]
Event: 24.867 Thread 0x0000021fe74fe460 3284       3       jdk.internal.net.http.common.DebugLogger::createHttpLogger (32 bytes)
Event: 24.867 Thread 0x0000021fe74fe460 nmethod 3284 0x0000021fd12bdd10 code [0x0000021fd12bdee0, 0x0000021fd12be138]
Event: 24.907 Thread 0x0000021fe74fe460 3285       3       sun.net.util.IPAddressUtil::match (50 bytes)
Event: 24.907 Thread 0x0000021fe74fe460 nmethod 3285 0x0000021fd12be210 code [0x0000021fd12be3c0, 0x0000021fd12be658]
Event: 24.907 Thread 0x0000021fe74fe460 3286       3       java.net.URI$Parser::scan (53 bytes)
Event: 24.908 Thread 0x0000021fe74fe460 nmethod 3286 0x0000021fd12be710 code [0x0000021fd12be9a0, 0x0000021fd12bf5b8]

GC Heap History (8 events):
Event: 0.998 GC heap before
{Heap before GC invocations=0 (full 0):
 garbage-first heap   total 129024K, used 26624K [0x0000000083200000, 0x0000000100000000)
  region size 1024K, 23 young (23552K), 0 survivors (0K)
 Metaspace       used 12897K, committed 13056K, reserved 1114112K
  class space    used 1286K, committed 1344K, reserved 1048576K
}
Event: 1.006 GC heap after
{Heap after GC invocations=1 (full 0):
 garbage-first heap   total 129024K, used 10620K [0x0000000083200000, 0x0000000100000000)
  region size 1024K, 3 young (3072K), 3 survivors (3072K)
 Metaspace       used 12897K, committed 13056K, reserved 1114112K
  class space    used 1286K, committed 1344K, reserved 1048576K
}
Event: 1.583 GC heap before
{Heap before GC invocations=1 (full 0):
 garbage-first heap   total 129024K, used 39292K [0x0000000083200000, 0x0000000100000000)
  region size 1024K, 28 young (28672K), 3 survivors (3072K)
 Metaspace       used 17518K, committed 17792K, reserved 1114112K
  class space    used 1823K, committed 1984K, reserved 1048576K
}
Event: 1.590 GC heap after
{Heap after GC invocations=2 (full 0):
 garbage-first heap   total 129024K, used 16719K [0x0000000083200000, 0x0000000100000000)
  region size 1024K, 4 young (4096K), 4 survivors (4096K)
 Metaspace       used 17518K, committed 17792K, reserved 1114112K
  class space    used 1823K, committed 1984K, reserved 1048576K
}
Event: 2.054 GC heap before
{Heap before GC invocations=2 (full 0):
 garbage-first heap   total 129024K, used 44367K [0x0000000083200000, 0x0000000100000000)
  region size 1024K, 32 young (32768K), 4 survivors (4096K)
 Metaspace       used 21228K, committed 21504K, reserved 1114112K
  class space    used 2272K, committed 2432K, reserved 1048576K
}
Event: 2.065 GC heap after
{Heap after GC invocations=3 (full 0):
 garbage-first heap   total 129024K, used 23029K [0x0000000083200000, 0x0000000100000000)
  region size 1024K, 5 young (5120K), 5 survivors (5120K)
 Metaspace       used 21228K, committed 21504K, reserved 1114112K
  class space    used 2272K, committed 2432K, reserved 1048576K
}
Event: 24.793 GC heap before
{Heap before GC invocations=4 (full 0):
 garbage-first heap   total 75776K, used 53749K [0x0000000083200000, 0x0000000100000000)
  region size 1024K, 38 young (38912K), 5 survivors (5120K)
 Metaspace       used 26979K, committed 27328K, reserved 1114112K
  class space    used 3010K, committed 3200K, reserved 1048576K
}
Event: 24.864 GC heap after
{Heap after GC invocations=5 (full 0):
 garbage-first heap   total 75776K, used 23455K [0x0000000083200000, 0x0000000100000000)
  region size 1024K, 2 young (2048K), 2 survivors (2048K)
 Metaspace       used 26979K, committed 27328K, reserved 1114112K
  class space    used 3010K, committed 3200K, reserved 1048576K
}

Dll operation events (8 events):
Event: 0.011 Loaded shared library C:\Users\anusr\.p2\pool\plugins\org.eclipse.justj.openjdk.hotspot.jre.full.win32.x86_64_17.0.11.v20240426-1830\jre\bin\java.dll
Event: 0.227 Loaded shared library C:\Users\anusr\.p2\pool\plugins\org.eclipse.justj.openjdk.hotspot.jre.full.win32.x86_64_17.0.11.v20240426-1830\jre\bin\net.dll
Event: 0.230 Loaded shared library C:\Users\anusr\.p2\pool\plugins\org.eclipse.justj.openjdk.hotspot.jre.full.win32.x86_64_17.0.11.v20240426-1830\jre\bin\nio.dll
Event: 0.235 Loaded shared library C:\Users\anusr\.p2\pool\plugins\org.eclipse.justj.openjdk.hotspot.jre.full.win32.x86_64_17.0.11.v20240426-1830\jre\bin\zip.dll
Event: 0.356 Loaded shared library C:\Users\anusr\.p2\pool\plugins\org.eclipse.justj.openjdk.hotspot.jre.full.win32.x86_64_17.0.11.v20240426-1830\jre\bin\jimage.dll
Event: 1.523 Loaded shared library C:\Users\anusr\.p2\pool\plugins\org.eclipse.justj.openjdk.hotspot.jre.full.win32.x86_64_17.0.11.v20240426-1830\jre\bin\sunmscapi.dll
Event: 1.724 Loaded shared library C:\Users\anusr\.p2\pool\plugins\org.eclipse.justj.openjdk.hotspot.jre.full.win32.x86_64_17.0.11.v20240426-1830\jre\bin\verify.dll
Event: 1.964 Loaded shared library C:\Users\anusr\.p2\pool\plugins\org.eclipse.justj.openjdk.hotspot.jre.full.win32.x86_64_17.0.11.v20240426-1830\jre\bin\extnet.dll

Deoptimization events (20 events):
Event: 24.732 Thread 0x0000021fcd5caf90 DEOPT PACKING pc=0x0000021fd8765eb8 sp=0x000000b8bfbfce70
Event: 24.732 Thread 0x0000021fcd5caf90 DEOPT UNPACKING pc=0x0000021fd821a1a3 sp=0x000000b8bfbfce00 mode 2
Event: 24.732 Thread 0x0000021fcd5caf90 Uncommon trap: trap_request=0xffffff45 fr.pc=0x0000021fd87aae8c relative=0x00000000000004ec
Event: 24.732 Thread 0x0000021fcd5caf90 Uncommon trap: reason=unstable_if action=reinterpret pc=0x0000021fd87aae8c method=java.lang.String.substring(II)Ljava/lang/String; @ 31 c2
Event: 24.732 Thread 0x0000021fcd5caf90 DEOPT PACKING pc=0x0000021fd87aae8c sp=0x000000b8bfbfcf40
Event: 24.732 Thread 0x0000021fcd5caf90 DEOPT UNPACKING pc=0x0000021fd821a1a3 sp=0x000000b8bfbfcf10 mode 2
Event: 24.773 Thread 0x0000021fcd5caf90 DEOPT PACKING pc=0x0000021fd11acca1 sp=0x000000b8bfbfcc60
Event: 24.773 Thread 0x0000021fcd5caf90 DEOPT UNPACKING pc=0x0000021fd821ace3 sp=0x000000b8bfbfc118 mode 0
Event: 24.778 Thread 0x0000021fcd5caf90 DEOPT PACKING pc=0x0000021fd11acca1 sp=0x000000b8bfbfce10
Event: 24.778 Thread 0x0000021fcd5caf90 DEOPT UNPACKING pc=0x0000021fd821ace3 sp=0x000000b8bfbfc2c8 mode 0
Event: 24.780 Thread 0x0000021fcd5caf90 DEOPT PACKING pc=0x0000021fd11acca1 sp=0x000000b8bfbfcbf0
Event: 24.780 Thread 0x0000021fcd5caf90 DEOPT UNPACKING pc=0x0000021fd821ace3 sp=0x000000b8bfbfc0a8 mode 0
Event: 24.783 Thread 0x0000021fcd5caf90 DEOPT PACKING pc=0x0000021fd11acca1 sp=0x000000b8bfbfcbc0
Event: 24.783 Thread 0x0000021fcd5caf90 DEOPT UNPACKING pc=0x0000021fd821ace3 sp=0x000000b8bfbfc078 mode 0
Event: 24.785 Thread 0x0000021fcd5caf90 DEOPT PACKING pc=0x0000021fd11acca1 sp=0x000000b8bfbfc9e0
Event: 24.785 Thread 0x0000021fcd5caf90 DEOPT UNPACKING pc=0x0000021fd821ace3 sp=0x000000b8bfbfbe98 mode 0
Event: 24.787 Thread 0x0000021fcd5caf90 DEOPT PACKING pc=0x0000021fd11acca1 sp=0x000000b8bfbfc950
Event: 24.787 Thread 0x0000021fcd5caf90 DEOPT UNPACKING pc=0x0000021fd821ace3 sp=0x000000b8bfbfbe08 mode 0
Event: 24.789 Thread 0x0000021fcd5caf90 DEOPT PACKING pc=0x0000021fd11acca1 sp=0x000000b8bfbfcc20
Event: 24.789 Thread 0x0000021fcd5caf90 DEOPT UNPACKING pc=0x0000021fd821ace3 sp=0x000000b8bfbfc0d8 mode 0

Classes unloaded (0 events):
No events

Classes redefined (0 events):
No events

Internal exceptions (20 events):
Event: 2.625 Thread 0x0000021fcd5caf90 Exception <a 'java/lang/NoSuchMethodError'{0x00000000870dac68}: 'long java.lang.invoke.DirectMethodHandle$Holder.invokeVirtual(java.lang.Object, java.lang.Object)'> (0x00000000870dac68) 
thrown [s\src\hotspot\share\interpreter\linkResolver.cpp, line 759]
Event: 2.649 Thread 0x0000021fcd5caf90 Exception <a 'java/lang/NoSuchMethodError'{0x0000000086fe2b40}: 'java.lang.Object java.lang.invoke.DirectMethodHandle$Holder.newInvokeSpecial(java.lang.Object, java.lang.Object, int, int)'> (0x0000000086fe2b40) 
thrown [s\src\hotspot\share\interpreter\linkResolver.cpp, line 759]
Event: 2.650 Thread 0x0000021fcd5caf90 Exception <a 'java/lang/NoSuchMethodError'{0x0000000086fed8d0}: 'void java.lang.invoke.DirectMethodHandle$Holder.invokeStatic(java.lang.Object, java.lang.Object, int)'> (0x0000000086fed8d0) 
thrown [s\src\hotspot\share\interpreter\linkResolver.cpp, line 759]
Event: 2.678 Thread 0x0000021fcd5caf90 Exception <a 'java/lang/NoSuchMethodError'{0x0000000086d136b0}: 'void java.lang.invoke.DirectMethodHandle$Holder.invokeStatic(java.lang.Object, java.lang.Object, java.lang.Object, java.lang.Object, java.lang.Object, java.lang.Object, java.lang.Object)'> (0x0000000086d136b0) 
thrown [s\src\hotspot\share\interpreter\linkResolver.cpp, line 759]
Event: 5.370 Thread 0x0000021fcd5caf90 Exception <a 'java/lang/NoSuchMethodError'{0x00000000869f3c50}: 'java.lang.Object java.lang.invoke.DirectMethodHandle$Holder.invokeSpecialIFC(java.lang.Object, java.lang.Object, java.lang.Object)'> (0x00000000869f3c50) 
thrown [s\src\hotspot\share\interpreter\linkResolver.cpp, line 759]
Event: 7.766 Thread 0x0000021fcd5caf90 Exception <a 'java/net/SocketException'{0x0000000086094da0}: Socket is not connected: shutdown> (0x0000000086094da0) 
thrown [s\src\hotspot\share\prims\jni.cpp, line 535]
Event: 7.766 Thread 0x0000021fcd5caf90 Exception <a 'java/net/SocketException'{0x0000000086095608}: Socket is not connected: shutdown> (0x0000000086095608) 
thrown [s\src\hotspot\share\prims\jni.cpp, line 535]
Event: 7.783 Thread 0x0000021fecdee4a0 Exception <a 'java/net/ConnectException'{0x0000000087006400}: Connection refused: getsockopt> (0x0000000087006400) 
thrown [s\src\hotspot\share\prims\jni.cpp, line 535]
Event: 7.783 Thread 0x0000021fecdee4a0 Exception <a 'java/net/SocketException'{0x0000000087006738}: Socket is not connected: shutdown> (0x0000000087006738) 
thrown [s\src\hotspot\share\prims\jni.cpp, line 535]
Event: 7.795 Thread 0x0000021fecdee4a0 Exception <a 'java/net/ConnectException'{0x0000000087007680}: Connection refused: getsockopt> (0x0000000087007680) 
thrown [s\src\hotspot\share\prims\jni.cpp, line 535]
Event: 7.795 Thread 0x0000021fecdee4a0 Exception <a 'java/net/SocketException'{0x00000000870079b8}: Socket is not connected: shutdown> (0x00000000870079b8) 
thrown [s\src\hotspot\share\prims\jni.cpp, line 535]
Event: 7.827 Thread 0x0000021fecdee4a0 Exception <a 'java/net/ConnectException'{0x0000000087008900}: Connection refused: getsockopt> (0x0000000087008900) 
thrown [s\src\hotspot\share\prims\jni.cpp, line 535]
Event: 7.827 Thread 0x0000021fecdee4a0 Exception <a 'java/net/SocketException'{0x0000000087008c38}: Socket is not connected: shutdown> (0x0000000087008c38) 
thrown [s\src\hotspot\share\prims\jni.cpp, line 535]
Event: 24.865 Thread 0x0000021fcd5caf90 Exception <a 'java/net/SocketException'{0x000000008af02f78}: Socket is not connected: shutdown> (0x000000008af02f78) 
thrown [s\src\hotspot\share\prims\jni.cpp, line 535]
Event: 24.865 Thread 0x0000021fcd5caf90 Exception <a 'java/net/SocketException'{0x000000008af037e0}: Socket is not connected: shutdown> (0x000000008af037e0) 
thrown [s\src\hotspot\share\prims\jni.cpp, line 535]
Event: 24.892 Thread 0x0000021fecdee4a0 Exception <a 'java/net/ConnectException'{0x000000008afa65c8}: Connection refused: getsockopt> (0x000000008afa65c8) 
thrown [s\src\hotspot\share\prims\jni.cpp, line 535]
Event: 24.892 Thread 0x0000021fecdee4a0 Exception <a 'java/net/SocketException'{0x000000008afa6900}: Socket is not connected: shutdown> (0x000000008afa6900) 
thrown [s\src\hotspot\share\prims\jni.cpp, line 535]
Event: 24.908 Thread 0x0000021fecdee4a0 Exception <a 'java/net/ConnectException'{0x000000008afa78c8}: Connection refused: getsockopt> (0x000000008afa78c8) 
thrown [s\src\hotspot\share\prims\jni.cpp, line 535]
Event: 24.908 Thread 0x0000021fecdee4a0 Exception <a 'java/net/SocketException'{0x000000008afa7c00}: Socket is not connected: shutdown> (0x000000008afa7c00) 
thrown [s\src\hotspot\share\prims\jni.cpp, line 535]
Event: 24.944 Thread 0x0000021fecdee4a0 Exception <a 'java/net/ConnectException'{0x000000008afa8bc8}: Connection refused: getsockopt> (0x000000008afa8bc8) 
thrown [s\src\hotspot\share\prims\jni.cpp, line 535]

VM Operations (20 events):
Event: 7.316 Executing VM operation: Cleanup
Event: 7.316 Executing VM operation: Cleanup done
Event: 8.322 Executing VM operation: Cleanup
Event: 8.322 Executing VM operation: Cleanup done
Event: 9.326 Executing VM operation: Cleanup
Event: 9.326 Executing VM operation: Cleanup done
Event: 11.330 Executing VM operation: Cleanup
Event: 11.330 Executing VM operation: Cleanup done
Event: 12.337 Executing VM operation: Cleanup
Event: 12.337 Executing VM operation: Cleanup done
Event: 14.355 Executing VM operation: Cleanup
Event: 14.355 Executing VM operation: Cleanup done
Event: 17.376 Executing VM operation: Cleanup
Event: 17.376 Executing VM operation: Cleanup done
Event: 19.390 Executing VM operation: Cleanup
Event: 19.390 Executing VM operation: Cleanup done
Event: 21.406 Executing VM operation: Cleanup
Event: 21.406 Executing VM operation: Cleanup done
Event: 24.792 Executing VM operation: G1CollectForAllocation
Event: 24.864 Executing VM operation: G1CollectForAllocation done

Events (20 events):
Event: 24.748 loading class java/util/regex/Pattern$Behind
Event: 24.749 loading class java/util/regex/Pattern$Behind done
Event: 24.752 loading class java/util/regex/Pattern$1MatcherIterator
Event: 24.752 loading class java/util/regex/Pattern$1MatcherIterator done
Event: 24.753 loading class java/text/CollationElementIterator
Event: 24.753 loading class java/text/CollationElementIterator done
Event: 24.753 loading class sun/text/CollatorUtilities
Event: 24.753 loading class sun/text/CollatorUtilities done
Event: 24.753 loading class jdk/internal/icu/text/UCharacterIterator
Event: 24.753 loading class jdk/internal/icu/text/UCharacterIterator done
Event: 24.753 loading class jdk/internal/icu/impl/ReplaceableUCharacterIterator
Event: 24.754 loading class jdk/internal/icu/impl/ReplaceableUCharacterIterator done
Event: 24.754 loading class jdk/internal/icu/text/ReplaceableString
Event: 24.754 loading class jdk/internal/icu/text/Replaceable
Event: 24.754 loading class jdk/internal/icu/text/Replaceable done
Event: 24.754 loading class jdk/internal/icu/text/ReplaceableString done
Event: 24.868 Thread 0x0000021fecffe460 Thread added: 0x0000021fecffe460
Event: 24.884 Thread 0x0000021fecffa290 Thread added: 0x0000021fecffa290
Event: 24.884 Thread 0x0000021fecffacb0 Thread added: 0x0000021fecffacb0
Event: 24.884 Thread 0x0000021fecff7a10 Thread added: 0x0000021fecff7a10


Dynamic libraries:
0x00007ff6c7120000 - 0x00007ff6c712e000 	C:\Users\anusr\.p2\pool\plugins\org.eclipse.justj.openjdk.hotspot.jre.full.win32.x86_64_17.0.11.v20240426-1830\jre\bin\javaw.exe
0x00007ff942c30000 - 0x00007ff942e47000 	C:\WINDOWS\SYSTEM32\ntdll.dll
0x00007ff941cb0000 - 0x00007ff941d74000 	C:\WINDOWS\System32\KERNEL32.DLL
0x00007ff9403c0000 - 0x00007ff940767000 	C:\WINDOWS\System32\KERNELBASE.dll
0x00007ff940810000 - 0x00007ff940921000 	C:\WINDOWS\System32\ucrtbase.dll
0x00007ff93aaa0000 - 0x00007ff93aab7000 	C:\Users\anusr\.p2\pool\plugins\org.eclipse.justj.openjdk.hotspot.jre.full.win32.x86_64_17.0.11.v20240426-1830\jre\bin\jli.dll
0x00007ff9209e0000 - 0x00007ff9209fb000 	C:\Users\anusr\.p2\pool\plugins\org.eclipse.justj.openjdk.hotspot.jre.full.win32.x86_64_17.0.11.v20240426-1830\jre\bin\VCRUNTIME140.dll
0x00007ff940960000 - 0x00007ff940b0e000 	C:\WINDOWS\System32\USER32.dll
0x00007ff940930000 - 0x00007ff940956000 	C:\WINDOWS\System32\win32u.dll
0x00007ff941d80000 - 0x00007ff941da9000 	C:\WINDOWS\System32\GDI32.dll
0x00007ff929f20000 - 0x00007ff92a1b3000 	C:\WINDOWS\WinSxS\amd64_microsoft.windows.common-controls_6595b64144ccf1df_6.0.22621.3527_none_270e469b73872a76\COMCTL32.dll
0x00007ff93ff50000 - 0x00007ff940069000 	C:\WINDOWS\System32\gdi32full.dll
0x00007ff9425f0000 - 0x00007ff942697000 	C:\WINDOWS\System32\msvcrt.dll
0x00007ff940320000 - 0x00007ff9403ba000 	C:\WINDOWS\System32\msvcp_win.dll
0x00007ff9414f0000 - 0x00007ff941521000 	C:\WINDOWS\System32\IMM32.DLL
0x00007ff92aeb0000 - 0x00007ff92aebc000 	C:\Users\anusr\.p2\pool\plugins\org.eclipse.justj.openjdk.hotspot.jre.full.win32.x86_64_17.0.11.v20240426-1830\jre\bin\vcruntime140_1.dll
0x00007ff919e10000 - 0x00007ff919e9d000 	C:\Users\anusr\.p2\pool\plugins\org.eclipse.justj.openjdk.hotspot.jre.full.win32.x86_64_17.0.11.v20240426-1830\jre\bin\msvcp140.dll
0x00007ff865370000 - 0x00007ff865fd2000 	C:\Users\anusr\.p2\pool\plugins\org.eclipse.justj.openjdk.hotspot.jre.full.win32.x86_64_17.0.11.v20240426-1830\jre\bin\server\jvm.dll
0x00007ff9426a0000 - 0x00007ff942752000 	C:\WINDOWS\System32\ADVAPI32.dll
0x00007ff941650000 - 0x00007ff9416f8000 	C:\WINDOWS\System32\sechost.dll
0x00007ff940770000 - 0x00007ff940798000 	C:\WINDOWS\System32\bcrypt.dll
0x00007ff9413c0000 - 0x00007ff9414d5000 	C:\WINDOWS\System32\RPCRT4.dll
0x00007ff93fe10000 - 0x00007ff93fe5d000 	C:\WINDOWS\SYSTEM32\POWRPROF.dll
0x00007ff9282d0000 - 0x00007ff9282d9000 	C:\WINDOWS\SYSTEM32\WSOCK32.dll
0x00007ff92fb40000 - 0x00007ff92fb4a000 	C:\WINDOWS\SYSTEM32\VERSION.dll
0x00007ff93d5c0000 - 0x00007ff93d5f4000 	C:\WINDOWS\SYSTEM32\WINMM.dll
0x00007ff942b10000 - 0x00007ff942b81000 	C:\WINDOWS\System32\WS2_32.dll
0x00007ff93fdf0000 - 0x00007ff93fe03000 	C:\WINDOWS\SYSTEM32\UMPDC.dll
0x00007ff93ef70000 - 0x00007ff93ef88000 	C:\WINDOWS\SYSTEM32\kernel.appcore.dll
0x00007ff93c9b0000 - 0x00007ff93c9ba000 	C:\Users\anusr\.p2\pool\plugins\org.eclipse.justj.openjdk.hotspot.jre.full.win32.x86_64_17.0.11.v20240426-1830\jre\bin\jimage.dll
0x00007ff93d170000 - 0x00007ff93d3a2000 	C:\WINDOWS\SYSTEM32\DBGHELP.DLL
0x00007ff942780000 - 0x00007ff942b08000 	C:\WINDOWS\System32\combase.dll
0x00007ff941ec0000 - 0x00007ff941f97000 	C:\WINDOWS\System32\OLEAUT32.dll
0x00007ff93d580000 - 0x00007ff93d5b2000 	C:\WINDOWS\SYSTEM32\dbgcore.DLL
0x00007ff940070000 - 0x00007ff9400e9000 	C:\WINDOWS\System32\bcryptPrimitives.dll
0x00007ff91dff0000 - 0x00007ff91e015000 	C:\Users\anusr\.p2\pool\plugins\org.eclipse.justj.openjdk.hotspot.jre.full.win32.x86_64_17.0.11.v20240426-1830\jre\bin\java.dll
0x00007ff93aac0000 - 0x00007ff93aad8000 	C:\Users\anusr\.p2\pool\plugins\org.eclipse.justj.openjdk.hotspot.jre.full.win32.x86_64_17.0.11.v20240426-1830\jre\bin\zip.dll
0x00007ff940b10000 - 0x00007ff94136c000 	C:\WINDOWS\System32\SHELL32.dll
0x00007ff93de90000 - 0x00007ff93e786000 	C:\WINDOWS\SYSTEM32\windows.storage.dll
0x00007ff93dd50000 - 0x00007ff93de8e000 	C:\WINDOWS\SYSTEM32\wintypes.dll
0x00007ff941dc0000 - 0x00007ff941eb5000 	C:\WINDOWS\System32\SHCORE.dll
0x00007ff942b90000 - 0x00007ff942bee000 	C:\WINDOWS\System32\shlwapi.dll
0x00007ff93fe80000 - 0x00007ff93fea1000 	C:\WINDOWS\SYSTEM32\profapi.dll
0x00007ff91e060000 - 0x00007ff91e079000 	C:\Users\anusr\.p2\pool\plugins\org.eclipse.justj.openjdk.hotspot.jre.full.win32.x86_64_17.0.11.v20240426-1830\jre\bin\net.dll
0x00007ff938640000 - 0x00007ff938776000 	C:\WINDOWS\SYSTEM32\WINHTTP.dll
0x00007ff93f3e0000 - 0x00007ff93f449000 	C:\WINDOWS\system32\mswsock.dll
0x00007ff91bbf0000 - 0x00007ff91bc06000 	C:\Users\anusr\.p2\pool\plugins\org.eclipse.justj.openjdk.hotspot.jre.full.win32.x86_64_17.0.11.v20240426-1830\jre\bin\nio.dll
0x00007ff93f640000 - 0x00007ff93f65b000 	C:\WINDOWS\SYSTEM32\CRYPTSP.dll
0x00007ff93eed0000 - 0x00007ff93ef05000 	C:\WINDOWS\system32\rsaenh.dll
0x00007ff93f4e0000 - 0x00007ff93f508000 	C:\WINDOWS\SYSTEM32\USERENV.dll
0x00007ff93f660000 - 0x00007ff93f66c000 	C:\WINDOWS\SYSTEM32\CRYPTBASE.dll
0x00007ff93ea30000 - 0x00007ff93ea5d000 	C:\WINDOWS\SYSTEM32\IPHLPAPI.DLL
0x00007ff9414e0000 - 0x00007ff9414e9000 	C:\WINDOWS\System32\NSI.dll
0x00007ff938610000 - 0x00007ff938629000 	C:\WINDOWS\SYSTEM32\dhcpcsvc6.DLL
0x00007ff9385d0000 - 0x00007ff9385ef000 	C:\WINDOWS\SYSTEM32\dhcpcsvc.DLL
0x00007ff93ea60000 - 0x00007ff93eb58000 	C:\WINDOWS\SYSTEM32\DNSAPI.dll
0x00007ff9383b0000 - 0x00007ff9383be000 	C:\Users\anusr\.p2\pool\plugins\org.eclipse.justj.openjdk.hotspot.jre.full.win32.x86_64_17.0.11.v20240426-1830\jre\bin\sunmscapi.dll
0x00007ff9401b0000 - 0x00007ff940318000 	C:\WINDOWS\System32\CRYPT32.dll
0x00007ff93f800000 - 0x00007ff93f82e000 	C:\WINDOWS\SYSTEM32\ncrypt.dll
0x00007ff93f7c0000 - 0x00007ff93f7f7000 	C:\WINDOWS\SYSTEM32\NTASN1.dll
0x00007ff93ac40000 - 0x00007ff93ac50000 	C:\Users\anusr\.p2\pool\plugins\org.eclipse.justj.openjdk.hotspot.jre.full.win32.x86_64_17.0.11.v20240426-1830\jre\bin\verify.dll
0x00007ff91fd20000 - 0x00007ff91fd29000 	C:\Users\anusr\.p2\pool\plugins\org.eclipse.justj.openjdk.hotspot.jre.full.win32.x86_64_17.0.11.v20240426-1830\jre\bin\extnet.dll
0x00007ff9381d0000 - 0x00007ff9381da000 	C:\Windows\System32\rasadhlp.dll
0x00007ff9340f0000 - 0x00007ff934173000 	C:\WINDOWS\System32\fwpuclnt.dll
0x00007ff8c8560000 - 0x00007ff8c8568000 	C:\WINDOWS\system32\wshunix.dll
0x00007ff904110000 - 0x00007ff904127000 	C:\WINDOWS\system32\napinsp.dll
0x00007ff9040f0000 - 0x00007ff90410b000 	C:\WINDOWS\system32\pnrpnsp.dll
0x00007ff9040d0000 - 0x00007ff9040e1000 	C:\WINDOWS\System32\winrnr.dll
0x00007ff935b60000 - 0x00007ff935b75000 	C:\WINDOWS\system32\wshbth.dll
0x00007ff9040a0000 - 0x00007ff9040c7000 	C:\WINDOWS\system32\nlansp_c.dll

dbghelp: loaded successfully - version: 4.0.5 - missing functions: none
symbol engine: initialized successfully - sym options: 0x614 - pdb path: .;C:\Users\anusr\.p2\pool\plugins\org.eclipse.justj.openjdk.hotspot.jre.full.win32.x86_64_17.0.11.v20240426-1830\jre\bin;C:\WINDOWS\SYSTEM32;C:\WINDOWS\WinSxS\amd64_microsoft.windows.common-controls_6595b64144ccf1df_6.0.22621.3527_none_270e469b73872a76;C:\Users\anusr\.p2\pool\plugins\org.eclipse.justj.openjdk.hotspot.jre.full.win32.x86_64_17.0.11.v20240426-1830\jre\bin\server

VM Arguments:
jvm_args: -Dfile.encoding=UTF-8 -Dstdout.encoding=UTF-8 -Dstderr.encoding=UTF-8 -XX:+ShowCodeDetailsInExceptionMessages 
java_command: cucumber.api.cli.Main C:/Users/anusr/eclipse-workspace/Telus/src/test/resources/Testing/Login .feature --glue classpath: --plugin pretty --monochrome
java_class_path (initial): C:\Users\anusr\eclipse-workspace\Telus\target\classes;C:\Users\anusr\eclipse-workspace\Telus\target\test-classes;C:\Users\anusr\.m2\repository\org\seleniumhq\selenium\selenium-java\4.21.0\selenium-java-4.21.0.jar;C:\Users\anusr\.m2\repository\org\seleniumhq\selenium\selenium-api\4.21.0\selenium-api-4.21.0.jar;C:\Users\anusr\.m2\repository\org\seleniumhq\selenium\selenium-chrome-driver\4.21.0\selenium-chrome-driver-4.21.0.jar;C:\Users\anusr\.m2\repository\com\google\auto\service\auto-service-annotations\1.1.1\auto-service-annotations-1.1.1.jar;C:\Users\anusr\.m2\repository\org\seleniumhq\selenium\selenium-chromium-driver\4.21.0\selenium-chromium-driver-4.21.0.jar;C:\Users\anusr\.m2\repository\org\seleniumhq\selenium\selenium-json\4.21.0\selenium-json-4.21.0.jar;C:\Users\anusr\.m2\repository\org\seleniumhq\selenium\selenium-manager\4.21.0\selenium-manager-4.21.0.jar;C:\Users\anusr\.m2\repository\org\seleniumhq\selenium\selenium-devtools-v123\4.21.0\selenium-devtools-v123-4.21.0.jar;C:\Users\anusr\.m2\repository\org\seleniumhq\selenium\selenium-devtools-v124\4.21.0\selenium-devtools-v124-4.21.0.jar;C:\Users\anusr\.m2\repository\org\seleniumhq\selenium\selenium-devtools-v125\4.21.0\selenium-devtools-v125-4.21.0.jar;C:\Users\anusr\.m2\repository\org\seleniumhq\selenium\selenium-devtools-v85\4.21.0\selenium-devtools-v85-4.21.0.jar;C:\Users\anusr\.m2\repository\org\seleniumhq\selenium\selenium-edge-driver\4.21.0\selenium-edge-driver-4.21.0.jar;C:\Users\anusr\.m2\repository\org\seleniumhq\selenium\selenium-firefox-driver\4.21.0\selenium-firefox-driver-4.21.0.jar;C:\Users\anusr\.m2\repository\org\seleniumhq\selenium\selenium-http\4.21.0\selenium-http-4.21.0.jar;C:\Users\anusr\.m2\repository\dev\failsafe\failsafe\3.3.2\failsafe-3.3.2.jar;C:\Users\anusr\.m2\repository\org\seleniumhq\selenium\selenium-ie-driver\4.21.0\selenium-ie-driver-4.21.0.jar;C:\Users\anusr\.m2\repository\org\seleniumhq\selenium\selenium-remote-driver\4.21.0\selenium-remote-dri
Launcher Type: SUN_STANDARD

[Global flags]
     intx CICompilerCount                          = 4                                         {product} {ergonomic}
     uint ConcGCThreads                            = 2                                         {product} {ergonomic}
     uint G1ConcRefinementThreads                  = 8                                         {product} {ergonomic}
   size_t G1HeapRegionSize                         = 1048576                                   {product} {ergonomic}
    uintx GCDrainStackTargetSize                   = 64                                        {product} {ergonomic}
   size_t InitialHeapSize                          = 132120576                                 {product} {ergonomic}
   size_t MarkStackSize                            = 4194304                                   {product} {ergonomic}
   size_t MaxHeapSize                              = 2095054848                                {product} {ergonomic}
   size_t MaxNewSize                               = 1256194048                                {product} {ergonomic}
   size_t MinHeapDeltaBytes                        = 1048576                                   {product} {ergonomic}
   size_t MinHeapSize                              = 8388608                                   {product} {ergonomic}
    uintx NonNMethodCodeHeapSize                   = 5839372                                {pd product} {ergonomic}
    uintx NonProfiledCodeHeapSize                  = 122909434                              {pd product} {ergonomic}
    uintx ProfiledCodeHeapSize                     = 122909434                              {pd product} {ergonomic}
    uintx ReservedCodeCacheSize                    = 251658240                              {pd product} {ergonomic}
     bool SegmentedCodeCache                       = true                                      {product} {ergonomic}
     bool ShowCodeDetailsInExceptionMessages       = true                                   {manageable} {command line}
   size_t SoftMaxHeapSize                          = 2095054848                             {manageable} {ergonomic}
     bool UseCompressedClassPointers               = true                           {product lp64_product} {ergonomic}
     bool UseCompressedOops                        = true                           {product lp64_product} {ergonomic}
     bool UseG1GC                                  = true                                      {product} {ergonomic}
     bool UseLargePagesIndividualAllocation        = false                                  {pd product} {ergonomic}

Logging:
Log output configuration:
 #0: stdout all=warning uptime,level,tags
 #1: stderr all=off uptime,level,tags

Environment Variables:
PATH=C:/Users/anusr/.p2/pool/plugins/org.eclipse.justj.openjdk.hotspot.jre.full.win32.x86_64_17.0.11.v20240426-1830/jre/bin/server;C:/Users/anusr/.p2/pool/plugins/org.eclipse.justj.openjdk.hotspot.jre.full.win32.x86_64_17.0.11.v20240426-1830/jre/bin;C:\Program Files\Common Files\Oracle\Java\javapath;C:\Program Files (x86)\Common Files\Oracle\Java\java8path;C:\Program Files (x86)\Common Files\Oracle\Java\javapath;C:\WINDOWS\system32;C:\WINDOWS;C:\WINDOWS\System32\Wbem;C:\WINDOWS\System32\WindowsPowerShell\v1.0\;C:\WINDOWS\System32\OpenSSH\;C:\Users\anusr\AppData\Local\Microsoft\WindowsApps;C:\Program Files\Java\jdk-22\bin;C:\Users\anusr\Downloads\apache-maven-4.0.0-beta-3-bin.zip\apache-maven-4.0.0-beta-3\bin;;C:\Users\anusr\eclipse\java-2024-03\eclipse;
USERNAME=anusr
OS=Windows_NT
PROCESSOR_IDENTIFIER=Intel64 Family 6 Model 140 Stepping 1, GenuineIntel
TMP=C:\Users\anusr\AppData\Local\Temp
TEMP=C:\Users\anusr\AppData\Local\Temp



Periodic native trim disabled


---------------  S Y S T E M  ---------------

OS:
 Windows 11 , 64 bit Build 22621 (10.0.22621.3527)
OS uptime: 6 days 4:09 hours

CPU: total 8 (initial active 8) (4 cores per cpu, 2 threads per core) family 6 model 140 stepping 1 microcode 0x8a, cx8, cmov, fxsr, ht, mmx, 3dnowpref, sse, sse2, sse3, ssse3, sse4.1, sse4.2, popcnt, lzcnt, tsc, tscinvbit, avx, avx2, aes, erms, clmul, bmi1, bmi2, adx, avx512f, avx512dq, avx512cd, avx512bw, avx512vl, sha, fma, vzeroupper, avx512_vpopcntdq, avx512_vpclmulqdq, avx512_vaes, avx512_vnni, clflush, clflushopt, clwb, avx512_vbmi2, avx512_vbmi
Processor Information for all 8 processors :
  Max Mhz: 2419, Current Mhz: 2419, Mhz Limit: 2419

Memory: 4k page, system-wide physical 7991M (92M free)
TotalPageFile size 32567M (AvailPageFile size 6M)
current process WorkingSet (physical memory assigned to process): 103M, peak: 130M
current process commit charge ("private bytes"): 199M, peak: 242M

vm_info: OpenJDK 64-Bit Server VM (17.0.11+9) for windows-amd64 JRE (17.0.11+9), built on Apr 17 2024 06:07:48 by "admin" with MS VC++ 16.10 / 16.11 (VS2019)

END.
